2016-04-21 18:10:22,677 - SimpleLog4JLogSystem initialized using logfile 'velocity.log'
2016-04-21 18:10:22,677 - ************************************************************** 
2016-04-21 18:10:22,677 - Starting Jakarta Velocity v1.4
2016-04-21 18:10:22,677 - RuntimeInstance initializing.
2016-04-21 18:10:22,677 - Default Properties File: org\apache\velocity\runtime\defaults\velocity.properties
2016-04-21 18:10:22,677 - Trying to use logger class org.apache.velocity.runtime.log.SimpleLog4JLogSystem
2016-04-21 18:10:22,677 - Using logger class org.apache.velocity.runtime.log.SimpleLog4JLogSystem
2016-04-21 18:10:22,692 - Default ResourceManager initializing. (class org.apache.velocity.runtime.resource.ResourceManagerImpl)
2016-04-21 18:10:22,702 - Resource Loader Instantiated: org.apache.velocity.runtime.resource.loader.ClasspathResourceLoader
2016-04-21 18:10:22,707 - ClasspathResourceLoader : initialization starting.
2016-04-21 18:10:22,707 - ClasspathResourceLoader : initialization complete.
2016-04-21 18:10:22,712 - ResourceCache : initialized. (class org.apache.velocity.runtime.resource.ResourceCacheImpl)
2016-04-21 18:10:22,712 - Default ResourceManager initialization complete.
2016-04-21 18:10:22,727 - Loaded System Directive: org.apache.velocity.runtime.directive.Literal
2016-04-21 18:10:22,732 - Loaded System Directive: org.apache.velocity.runtime.directive.Macro
2016-04-21 18:10:22,742 - Loaded System Directive: org.apache.velocity.runtime.directive.Parse
2016-04-21 18:10:22,747 - Loaded System Directive: org.apache.velocity.runtime.directive.Include
2016-04-21 18:10:22,752 - Loaded System Directive: org.apache.velocity.runtime.directive.Foreach
2016-04-21 18:10:22,817 - Created: 20 parsers.
2016-04-21 18:10:22,847 - Velocimacro : initialization starting.
2016-04-21 18:10:22,847 - Velocimacro : adding VMs from VM library template : VM_global_library.vm
2016-04-21 18:10:22,872 - ResourceManager : unable to find resource 'VM_global_library.vm' in any resource loader.
2016-04-21 18:10:22,872 - Velocimacro : error using  VM library template VM_global_library.vm : org.apache.velocity.exception.ResourceNotFoundException: Unable to find resource 'VM_global_library.vm'
2016-04-21 18:10:22,872 - Velocimacro :  VM library template macro registration complete.
2016-04-21 18:10:22,872 - Velocimacro : allowInline = true : VMs can be defined inline in templates
2016-04-21 18:10:22,872 - Velocimacro : allowInlineToOverride = false : VMs defined inline may NOT replace previous VM definitions
2016-04-21 18:10:22,872 - Velocimacro : allowInlineLocal = false : VMs defined inline will be  global in scope if allowed.
2016-04-21 18:10:22,872 - Velocimacro : messages on  : VM system will output logging messages
2016-04-21 18:10:22,872 - Velocimacro : autoload off  : VM system will not automatically reload global library macros
2016-04-21 18:10:22,872 - Velocimacro : initialization complete.
2016-04-21 18:10:22,872 - Velocity successfully started.
2016-04-21 18:11:41,881 - SimpleLog4JLogSystem initialized using logfile 'velocity.log'
2016-04-21 18:11:41,886 - ************************************************************** 
2016-04-21 18:11:41,886 - Starting Jakarta Velocity v1.4
2016-04-21 18:11:41,886 - RuntimeInstance initializing.
2016-04-21 18:11:41,886 - Default Properties File: org\apache\velocity\runtime\defaults\velocity.properties
2016-04-21 18:11:41,886 - Trying to use logger class org.apache.velocity.runtime.log.SimpleLog4JLogSystem
2016-04-21 18:11:41,886 - Using logger class org.apache.velocity.runtime.log.SimpleLog4JLogSystem
2016-04-21 18:11:41,896 - Default ResourceManager initializing. (class org.apache.velocity.runtime.resource.ResourceManagerImpl)
2016-04-21 18:11:41,916 - Resource Loader Instantiated: org.apache.velocity.runtime.resource.loader.ClasspathResourceLoader
2016-04-21 18:11:41,916 - ClasspathResourceLoader : initialization starting.
2016-04-21 18:11:41,916 - ClasspathResourceLoader : initialization complete.
2016-04-21 18:11:41,926 - ResourceCache : initialized. (class org.apache.velocity.runtime.resource.ResourceCacheImpl)
2016-04-21 18:11:41,926 - Default ResourceManager initialization complete.
2016-04-21 18:11:41,941 - Loaded System Directive: org.apache.velocity.runtime.directive.Literal
2016-04-21 18:11:41,951 - Loaded System Directive: org.apache.velocity.runtime.directive.Macro
2016-04-21 18:11:41,956 - Loaded System Directive: org.apache.velocity.runtime.directive.Parse
2016-04-21 18:11:41,966 - Loaded System Directive: org.apache.velocity.runtime.directive.Include
2016-04-21 18:11:41,971 - Loaded System Directive: org.apache.velocity.runtime.directive.Foreach
2016-04-21 18:11:42,071 - Created: 20 parsers.
2016-04-21 18:11:42,101 - Velocimacro : initialization starting.
2016-04-21 18:11:42,101 - Velocimacro : adding VMs from VM library template : VM_global_library.vm
2016-04-21 18:11:42,121 - ResourceManager : unable to find resource 'VM_global_library.vm' in any resource loader.
2016-04-21 18:11:42,121 - Velocimacro : error using  VM library template VM_global_library.vm : org.apache.velocity.exception.ResourceNotFoundException: Unable to find resource 'VM_global_library.vm'
2016-04-21 18:11:42,121 - Velocimacro :  VM library template macro registration complete.
2016-04-21 18:11:42,121 - Velocimacro : allowInline = true : VMs can be defined inline in templates
2016-04-21 18:11:42,121 - Velocimacro : allowInlineToOverride = false : VMs defined inline may NOT replace previous VM definitions
2016-04-21 18:11:42,121 - Velocimacro : allowInlineLocal = false : VMs defined inline will be  global in scope if allowed.
2016-04-21 18:11:42,121 - Velocimacro : messages on  : VM system will output logging messages
2016-04-21 18:11:42,126 - Velocimacro : autoload off  : VM system will not automatically reload global library macros
2016-04-21 18:11:42,126 - Velocimacro : initialization complete.
2016-04-21 18:11:42,126 - Velocity successfully started.
2016-04-21 18:18:05,857 - SimpleLog4JLogSystem initialized using logfile 'velocity.log'
2016-04-21 18:18:05,857 - ************************************************************** 
2016-04-21 18:18:05,857 - Starting Jakarta Velocity v1.4
2016-04-21 18:18:05,857 - RuntimeInstance initializing.
2016-04-21 18:18:05,857 - Default Properties File: org\apache\velocity\runtime\defaults\velocity.properties
2016-04-21 18:18:05,857 - Trying to use logger class org.apache.velocity.runtime.log.SimpleLog4JLogSystem
2016-04-21 18:18:05,857 - Using logger class org.apache.velocity.runtime.log.SimpleLog4JLogSystem
2016-04-21 18:18:05,867 - Default ResourceManager initializing. (class org.apache.velocity.runtime.resource.ResourceManagerImpl)
2016-04-21 18:18:05,877 - Resource Loader Instantiated: org.apache.velocity.runtime.resource.loader.ClasspathResourceLoader
2016-04-21 18:18:05,877 - ClasspathResourceLoader : initialization starting.
2016-04-21 18:18:05,877 - ClasspathResourceLoader : initialization complete.
2016-04-21 18:18:05,882 - ResourceCache : initialized. (class org.apache.velocity.runtime.resource.ResourceCacheImpl)
2016-04-21 18:18:05,882 - Default ResourceManager initialization complete.
2016-04-21 18:18:05,902 - Loaded System Directive: org.apache.velocity.runtime.directive.Literal
2016-04-21 18:18:05,912 - Loaded System Directive: org.apache.velocity.runtime.directive.Macro
2016-04-21 18:18:05,932 - Loaded System Directive: org.apache.velocity.runtime.directive.Parse
2016-04-21 18:18:05,937 - Loaded System Directive: org.apache.velocity.runtime.directive.Include
2016-04-21 18:18:05,942 - Loaded System Directive: org.apache.velocity.runtime.directive.Foreach
2016-04-21 18:18:06,027 - Created: 20 parsers.
2016-04-21 18:18:06,057 - Velocimacro : initialization starting.
2016-04-21 18:18:06,062 - Velocimacro : adding VMs from VM library template : VM_global_library.vm
2016-04-21 18:18:06,077 - ResourceManager : unable to find resource 'VM_global_library.vm' in any resource loader.
2016-04-21 18:18:06,077 - Velocimacro : error using  VM library template VM_global_library.vm : org.apache.velocity.exception.ResourceNotFoundException: Unable to find resource 'VM_global_library.vm'
2016-04-21 18:18:06,077 - Velocimacro :  VM library template macro registration complete.
2016-04-21 18:18:06,077 - Velocimacro : allowInline = true : VMs can be defined inline in templates
2016-04-21 18:18:06,077 - Velocimacro : allowInlineToOverride = false : VMs defined inline may NOT replace previous VM definitions
2016-04-21 18:18:06,077 - Velocimacro : allowInlineLocal = false : VMs defined inline will be  global in scope if allowed.
2016-04-21 18:18:06,077 - Velocimacro : messages on  : VM system will output logging messages
2016-04-21 18:18:06,077 - Velocimacro : autoload off  : VM system will not automatically reload global library macros
2016-04-21 18:18:06,077 - Velocimacro : initialization complete.
2016-04-21 18:18:06,077 - Velocity successfully started.
2016-04-21 18:26:32,582 - SimpleLog4JLogSystem initialized using logfile 'velocity.log'
2016-04-21 18:26:32,582 - ************************************************************** 
2016-04-21 18:26:32,582 - Starting Jakarta Velocity v1.4
2016-04-21 18:26:32,582 - RuntimeInstance initializing.
2016-04-21 18:26:32,582 - Default Properties File: org\apache\velocity\runtime\defaults\velocity.properties
2016-04-21 18:26:32,582 - Trying to use logger class org.apache.velocity.runtime.log.SimpleLog4JLogSystem
2016-04-21 18:26:32,582 - Using logger class org.apache.velocity.runtime.log.SimpleLog4JLogSystem
2016-04-21 18:26:32,592 - Default ResourceManager initializing. (class org.apache.velocity.runtime.resource.ResourceManagerImpl)
2016-04-21 18:26:32,602 - Resource Loader Instantiated: org.apache.velocity.runtime.resource.loader.ClasspathResourceLoader
2016-04-21 18:26:32,602 - ClasspathResourceLoader : initialization starting.
2016-04-21 18:26:32,602 - ClasspathResourceLoader : initialization complete.
2016-04-21 18:26:32,607 - ResourceCache : initialized. (class org.apache.velocity.runtime.resource.ResourceCacheImpl)
2016-04-21 18:26:32,607 - Default ResourceManager initialization complete.
2016-04-21 18:26:32,617 - Loaded System Directive: org.apache.velocity.runtime.directive.Literal
2016-04-21 18:26:32,627 - Loaded System Directive: org.apache.velocity.runtime.directive.Macro
2016-04-21 18:26:32,642 - Loaded System Directive: org.apache.velocity.runtime.directive.Parse
2016-04-21 18:26:32,652 - Loaded System Directive: org.apache.velocity.runtime.directive.Include
2016-04-21 18:26:32,657 - Loaded System Directive: org.apache.velocity.runtime.directive.Foreach
2016-04-21 18:26:32,742 - Created: 20 parsers.
2016-04-21 18:26:32,772 - Velocimacro : initialization starting.
2016-04-21 18:26:32,772 - Velocimacro : adding VMs from VM library template : VM_global_library.vm
2016-04-21 18:26:32,797 - ResourceManager : unable to find resource 'VM_global_library.vm' in any resource loader.
2016-04-21 18:26:32,797 - Velocimacro : error using  VM library template VM_global_library.vm : org.apache.velocity.exception.ResourceNotFoundException: Unable to find resource 'VM_global_library.vm'
2016-04-21 18:26:32,797 - Velocimacro :  VM library template macro registration complete.
2016-04-21 18:26:32,797 - Velocimacro : allowInline = true : VMs can be defined inline in templates
2016-04-21 18:26:32,797 - Velocimacro : allowInlineToOverride = false : VMs defined inline may NOT replace previous VM definitions
2016-04-21 18:26:32,797 - Velocimacro : allowInlineLocal = false : VMs defined inline will be  global in scope if allowed.
2016-04-21 18:26:32,797 - Velocimacro : messages on  : VM system will output logging messages
2016-04-21 18:26:32,797 - Velocimacro : autoload off  : VM system will not automatically reload global library macros
2016-04-21 18:26:32,797 - Velocimacro : initialization complete.
2016-04-21 18:26:32,797 - Velocity successfully started.
2016-04-21 18:27:20,684 - SimpleLog4JLogSystem initialized using logfile 'velocity.log'
2016-04-21 18:27:20,689 - ************************************************************** 
2016-04-21 18:27:20,689 - Starting Jakarta Velocity v1.4
2016-04-21 18:27:20,689 - RuntimeInstance initializing.
2016-04-21 18:27:20,689 - Default Properties File: org\apache\velocity\runtime\defaults\velocity.properties
2016-04-21 18:27:20,689 - Trying to use logger class org.apache.velocity.runtime.log.SimpleLog4JLogSystem
2016-04-21 18:27:20,689 - Using logger class org.apache.velocity.runtime.log.SimpleLog4JLogSystem
2016-04-21 18:27:20,709 - Default ResourceManager initializing. (class org.apache.velocity.runtime.resource.ResourceManagerImpl)
2016-04-21 18:27:20,719 - Resource Loader Instantiated: org.apache.velocity.runtime.resource.loader.ClasspathResourceLoader
2016-04-21 18:27:20,724 - ClasspathResourceLoader : initialization starting.
2016-04-21 18:27:20,724 - ClasspathResourceLoader : initialization complete.
2016-04-21 18:27:20,729 - ResourceCache : initialized. (class org.apache.velocity.runtime.resource.ResourceCacheImpl)
2016-04-21 18:27:20,729 - Default ResourceManager initialization complete.
2016-04-21 18:27:20,739 - Loaded System Directive: org.apache.velocity.runtime.directive.Literal
2016-04-21 18:27:20,744 - Loaded System Directive: org.apache.velocity.runtime.directive.Macro
2016-04-21 18:27:20,754 - Loaded System Directive: org.apache.velocity.runtime.directive.Parse
2016-04-21 18:27:20,764 - Loaded System Directive: org.apache.velocity.runtime.directive.Include
2016-04-21 18:27:20,769 - Loaded System Directive: org.apache.velocity.runtime.directive.Foreach
2016-04-21 18:27:20,849 - Created: 20 parsers.
2016-04-21 18:27:20,884 - Velocimacro : initialization starting.
2016-04-21 18:27:20,884 - Velocimacro : adding VMs from VM library template : VM_global_library.vm
2016-04-21 18:27:20,899 - ResourceManager : unable to find resource 'VM_global_library.vm' in any resource loader.
2016-04-21 18:27:20,899 - Velocimacro : error using  VM library template VM_global_library.vm : org.apache.velocity.exception.ResourceNotFoundException: Unable to find resource 'VM_global_library.vm'
2016-04-21 18:27:20,899 - Velocimacro :  VM library template macro registration complete.
2016-04-21 18:27:20,899 - Velocimacro : allowInline = true : VMs can be defined inline in templates
2016-04-21 18:27:20,899 - Velocimacro : allowInlineToOverride = false : VMs defined inline may NOT replace previous VM definitions
2016-04-21 18:27:20,899 - Velocimacro : allowInlineLocal = false : VMs defined inline will be  global in scope if allowed.
2016-04-21 18:27:20,899 - Velocimacro : messages on  : VM system will output logging messages
2016-04-21 18:27:20,899 - Velocimacro : autoload off  : VM system will not automatically reload global library macros
2016-04-21 18:27:20,899 - Velocimacro : initialization complete.
2016-04-21 18:27:20,899 - Velocity successfully started.
2016-04-21 18:39:14,178 - SimpleLog4JLogSystem initialized using logfile 'velocity.log'
2016-04-21 18:39:14,178 - ************************************************************** 
2016-04-21 18:39:14,178 - Starting Jakarta Velocity v1.4
2016-04-21 18:39:14,178 - RuntimeInstance initializing.
2016-04-21 18:39:14,178 - Default Properties File: org\apache\velocity\runtime\defaults\velocity.properties
2016-04-21 18:39:14,178 - Trying to use logger class org.apache.velocity.runtime.log.SimpleLog4JLogSystem
2016-04-21 18:39:14,178 - Using logger class org.apache.velocity.runtime.log.SimpleLog4JLogSystem
2016-04-21 18:39:14,198 - Default ResourceManager initializing. (class org.apache.velocity.runtime.resource.ResourceManagerImpl)
2016-04-21 18:39:14,213 - Resource Loader Instantiated: org.apache.velocity.runtime.resource.loader.ClasspathResourceLoader
2016-04-21 18:39:14,213 - ClasspathResourceLoader : initialization starting.
2016-04-21 18:39:14,213 - ClasspathResourceLoader : initialization complete.
2016-04-21 18:39:14,223 - ResourceCache : initialized. (class org.apache.velocity.runtime.resource.ResourceCacheImpl)
2016-04-21 18:39:14,223 - Default ResourceManager initialization complete.
2016-04-21 18:39:14,243 - Loaded System Directive: org.apache.velocity.runtime.directive.Literal
2016-04-21 18:39:14,253 - Loaded System Directive: org.apache.velocity.runtime.directive.Macro
2016-04-21 18:39:14,263 - Loaded System Directive: org.apache.velocity.runtime.directive.Parse
2016-04-21 18:39:14,278 - Loaded System Directive: org.apache.velocity.runtime.directive.Include
2016-04-21 18:39:14,283 - Loaded System Directive: org.apache.velocity.runtime.directive.Foreach
2016-04-21 18:39:14,358 - Created: 20 parsers.
2016-04-21 18:39:14,403 - Velocimacro : initialization starting.
2016-04-21 18:39:14,403 - Velocimacro : adding VMs from VM library template : VM_global_library.vm
2016-04-21 18:39:14,428 - ResourceManager : unable to find resource 'VM_global_library.vm' in any resource loader.
2016-04-21 18:39:14,428 - Velocimacro : error using  VM library template VM_global_library.vm : org.apache.velocity.exception.ResourceNotFoundException: Unable to find resource 'VM_global_library.vm'
2016-04-21 18:39:14,428 - Velocimacro :  VM library template macro registration complete.
2016-04-21 18:39:14,428 - Velocimacro : allowInline = true : VMs can be defined inline in templates
2016-04-21 18:39:14,428 - Velocimacro : allowInlineToOverride = false : VMs defined inline may NOT replace previous VM definitions
2016-04-21 18:39:14,428 - Velocimacro : allowInlineLocal = false : VMs defined inline will be  global in scope if allowed.
2016-04-21 18:39:14,428 - Velocimacro : messages on  : VM system will output logging messages
2016-04-21 18:39:14,428 - Velocimacro : autoload off  : VM system will not automatically reload global library macros
2016-04-21 18:39:14,428 - Velocimacro : initialization complete.
2016-04-21 18:39:14,428 - Velocity successfully started.
2016-04-21 18:54:51,449 - SimpleLog4JLogSystem initialized using logfile 'velocity.log'
2016-04-21 18:54:51,449 - ************************************************************** 
2016-04-21 18:54:51,449 - Starting Jakarta Velocity v1.4
2016-04-21 18:54:51,449 - RuntimeInstance initializing.
2016-04-21 18:54:51,449 - Default Properties File: org\apache\velocity\runtime\defaults\velocity.properties
2016-04-21 18:54:51,449 - Trying to use logger class org.apache.velocity.runtime.log.SimpleLog4JLogSystem
2016-04-21 18:54:51,449 - Using logger class org.apache.velocity.runtime.log.SimpleLog4JLogSystem
2016-04-21 18:54:51,459 - Default ResourceManager initializing. (class org.apache.velocity.runtime.resource.ResourceManagerImpl)
2016-04-21 18:54:51,469 - Resource Loader Instantiated: org.apache.velocity.runtime.resource.loader.ClasspathResourceLoader
2016-04-21 18:54:51,469 - ClasspathResourceLoader : initialization starting.
2016-04-21 18:54:51,469 - ClasspathResourceLoader : initialization complete.
2016-04-21 18:54:51,474 - ResourceCache : initialized. (class org.apache.velocity.runtime.resource.ResourceCacheImpl)
2016-04-21 18:54:51,474 - Default ResourceManager initialization complete.
2016-04-21 18:54:51,484 - Loaded System Directive: org.apache.velocity.runtime.directive.Literal
2016-04-21 18:54:51,489 - Loaded System Directive: org.apache.velocity.runtime.directive.Macro
2016-04-21 18:54:51,499 - Loaded System Directive: org.apache.velocity.runtime.directive.Parse
2016-04-21 18:54:51,504 - Loaded System Directive: org.apache.velocity.runtime.directive.Include
2016-04-21 18:54:51,509 - Loaded System Directive: org.apache.velocity.runtime.directive.Foreach
2016-04-21 18:54:51,574 - Created: 20 parsers.
2016-04-21 18:54:51,599 - Velocimacro : initialization starting.
2016-04-21 18:54:51,599 - Velocimacro : adding VMs from VM library template : VM_global_library.vm
2016-04-21 18:54:51,614 - ResourceManager : unable to find resource 'VM_global_library.vm' in any resource loader.
2016-04-21 18:54:51,614 - Velocimacro : error using  VM library template VM_global_library.vm : org.apache.velocity.exception.ResourceNotFoundException: Unable to find resource 'VM_global_library.vm'
2016-04-21 18:54:51,614 - Velocimacro :  VM library template macro registration complete.
2016-04-21 18:54:51,614 - Velocimacro : allowInline = true : VMs can be defined inline in templates
2016-04-21 18:54:51,614 - Velocimacro : allowInlineToOverride = false : VMs defined inline may NOT replace previous VM definitions
2016-04-21 18:54:51,614 - Velocimacro : allowInlineLocal = false : VMs defined inline will be  global in scope if allowed.
2016-04-21 18:54:51,614 - Velocimacro : messages on  : VM system will output logging messages
2016-04-21 18:54:51,614 - Velocimacro : autoload off  : VM system will not automatically reload global library macros
2016-04-21 18:54:51,614 - Velocimacro : initialization complete.
2016-04-21 18:54:51,614 - Velocity successfully started.
2016-04-21 18:56:36,539 - SimpleLog4JLogSystem initialized using logfile 'velocity.log'
2016-04-21 18:56:36,539 - ************************************************************** 
2016-04-21 18:56:36,539 - Starting Jakarta Velocity v1.4
2016-04-21 18:56:36,539 - RuntimeInstance initializing.
2016-04-21 18:56:36,544 - Default Properties File: org\apache\velocity\runtime\defaults\velocity.properties
2016-04-21 18:56:36,544 - Trying to use logger class org.apache.velocity.runtime.log.SimpleLog4JLogSystem
2016-04-21 18:56:36,544 - Using logger class org.apache.velocity.runtime.log.SimpleLog4JLogSystem
2016-04-21 18:56:36,559 - Default ResourceManager initializing. (class org.apache.velocity.runtime.resource.ResourceManagerImpl)
2016-04-21 18:56:36,569 - Resource Loader Instantiated: org.apache.velocity.runtime.resource.loader.ClasspathResourceLoader
2016-04-21 18:56:36,569 - ClasspathResourceLoader : initialization starting.
2016-04-21 18:56:36,569 - ClasspathResourceLoader : initialization complete.
2016-04-21 18:56:36,574 - ResourceCache : initialized. (class org.apache.velocity.runtime.resource.ResourceCacheImpl)
2016-04-21 18:56:36,574 - Default ResourceManager initialization complete.
2016-04-21 18:56:36,584 - Loaded System Directive: org.apache.velocity.runtime.directive.Literal
2016-04-21 18:56:36,594 - Loaded System Directive: org.apache.velocity.runtime.directive.Macro
2016-04-21 18:56:36,604 - Loaded System Directive: org.apache.velocity.runtime.directive.Parse
2016-04-21 18:56:36,609 - Loaded System Directive: org.apache.velocity.runtime.directive.Include
2016-04-21 18:56:36,614 - Loaded System Directive: org.apache.velocity.runtime.directive.Foreach
2016-04-21 18:56:36,669 - Created: 20 parsers.
2016-04-21 18:56:36,699 - Velocimacro : initialization starting.
2016-04-21 18:56:36,699 - Velocimacro : adding VMs from VM library template : VM_global_library.vm
2016-04-21 18:56:36,714 - ResourceManager : unable to find resource 'VM_global_library.vm' in any resource loader.
2016-04-21 18:56:36,714 - Velocimacro : error using  VM library template VM_global_library.vm : org.apache.velocity.exception.ResourceNotFoundException: Unable to find resource 'VM_global_library.vm'
2016-04-21 18:56:36,714 - Velocimacro :  VM library template macro registration complete.
2016-04-21 18:56:36,714 - Velocimacro : allowInline = true : VMs can be defined inline in templates
2016-04-21 18:56:36,714 - Velocimacro : allowInlineToOverride = false : VMs defined inline may NOT replace previous VM definitions
2016-04-21 18:56:36,714 - Velocimacro : allowInlineLocal = false : VMs defined inline will be  global in scope if allowed.
2016-04-21 18:56:36,714 - Velocimacro : messages on  : VM system will output logging messages
2016-04-21 18:56:36,714 - Velocimacro : autoload off  : VM system will not automatically reload global library macros
2016-04-21 18:56:36,714 - Velocimacro : initialization complete.
2016-04-21 18:56:36,714 - Velocity successfully started.
2016-04-21 18:57:55,949 - SimpleLog4JLogSystem initialized using logfile 'velocity.log'
2016-04-21 18:57:55,954 - ************************************************************** 
2016-04-21 18:57:55,954 - Starting Jakarta Velocity v1.4
2016-04-21 18:57:55,954 - RuntimeInstance initializing.
2016-04-21 18:57:55,954 - Default Properties File: org\apache\velocity\runtime\defaults\velocity.properties
2016-04-21 18:57:55,954 - Trying to use logger class org.apache.velocity.runtime.log.SimpleLog4JLogSystem
2016-04-21 18:57:55,954 - Using logger class org.apache.velocity.runtime.log.SimpleLog4JLogSystem
2016-04-21 18:57:55,964 - Default ResourceManager initializing. (class org.apache.velocity.runtime.resource.ResourceManagerImpl)
2016-04-21 18:57:55,974 - Resource Loader Instantiated: org.apache.velocity.runtime.resource.loader.ClasspathResourceLoader
2016-04-21 18:57:55,974 - ClasspathResourceLoader : initialization starting.
2016-04-21 18:57:55,974 - ClasspathResourceLoader : initialization complete.
2016-04-21 18:57:55,994 - ResourceCache : initialized. (class org.apache.velocity.runtime.resource.ResourceCacheImpl)
2016-04-21 18:57:55,994 - Default ResourceManager initialization complete.
2016-04-21 18:57:56,009 - Loaded System Directive: org.apache.velocity.runtime.directive.Literal
2016-04-21 18:57:56,019 - Loaded System Directive: org.apache.velocity.runtime.directive.Macro
2016-04-21 18:57:56,034 - Loaded System Directive: org.apache.velocity.runtime.directive.Parse
2016-04-21 18:57:56,044 - Loaded System Directive: org.apache.velocity.runtime.directive.Include
2016-04-21 18:57:56,049 - Loaded System Directive: org.apache.velocity.runtime.directive.Foreach
2016-04-21 18:57:56,119 - Created: 20 parsers.
2016-04-21 18:57:56,154 - Velocimacro : initialization starting.
2016-04-21 18:57:56,154 - Velocimacro : adding VMs from VM library template : VM_global_library.vm
2016-04-21 18:57:56,174 - ResourceManager : unable to find resource 'VM_global_library.vm' in any resource loader.
2016-04-21 18:57:56,174 - Velocimacro : error using  VM library template VM_global_library.vm : org.apache.velocity.exception.ResourceNotFoundException: Unable to find resource 'VM_global_library.vm'
2016-04-21 18:57:56,174 - Velocimacro :  VM library template macro registration complete.
2016-04-21 18:57:56,174 - Velocimacro : allowInline = true : VMs can be defined inline in templates
2016-04-21 18:57:56,174 - Velocimacro : allowInlineToOverride = false : VMs defined inline may NOT replace previous VM definitions
2016-04-21 18:57:56,174 - Velocimacro : allowInlineLocal = false : VMs defined inline will be  global in scope if allowed.
2016-04-21 18:57:56,174 - Velocimacro : messages on  : VM system will output logging messages
2016-04-21 18:57:56,174 - Velocimacro : autoload off  : VM system will not automatically reload global library macros
2016-04-21 18:57:56,174 - Velocimacro : initialization complete.
2016-04-21 18:57:56,174 - Velocity successfully started.
2016-04-21 19:00:06,394 - SimpleLog4JLogSystem initialized using logfile 'velocity.log'
2016-04-21 19:00:06,395 - ************************************************************** 
2016-04-21 19:00:06,395 - Starting Jakarta Velocity v1.4
2016-04-21 19:00:06,395 - RuntimeInstance initializing.
2016-04-21 19:00:06,395 - Default Properties File: org\apache\velocity\runtime\defaults\velocity.properties
2016-04-21 19:00:06,395 - Trying to use logger class org.apache.velocity.runtime.log.SimpleLog4JLogSystem
2016-04-21 19:00:06,395 - Using logger class org.apache.velocity.runtime.log.SimpleLog4JLogSystem
2016-04-21 19:00:06,413 - Default ResourceManager initializing. (class org.apache.velocity.runtime.resource.ResourceManagerImpl)
2016-04-21 19:00:06,432 - Resource Loader Instantiated: org.apache.velocity.runtime.resource.loader.ClasspathResourceLoader
2016-04-21 19:00:06,432 - ClasspathResourceLoader : initialization starting.
2016-04-21 19:00:06,432 - ClasspathResourceLoader : initialization complete.
2016-04-21 19:00:06,444 - ResourceCache : initialized. (class org.apache.velocity.runtime.resource.ResourceCacheImpl)
2016-04-21 19:00:06,444 - Default ResourceManager initialization complete.
2016-04-21 19:00:06,462 - Loaded System Directive: org.apache.velocity.runtime.directive.Literal
2016-04-21 19:00:06,473 - Loaded System Directive: org.apache.velocity.runtime.directive.Macro
2016-04-21 19:00:06,494 - Loaded System Directive: org.apache.velocity.runtime.directive.Parse
2016-04-21 19:00:06,509 - Loaded System Directive: org.apache.velocity.runtime.directive.Include
2016-04-21 19:00:06,516 - Loaded System Directive: org.apache.velocity.runtime.directive.Foreach
2016-04-21 19:00:06,662 - Created: 20 parsers.
2016-04-21 19:00:06,718 - Velocimacro : initialization starting.
2016-04-21 19:00:06,718 - Velocimacro : adding VMs from VM library template : VM_global_library.vm
2016-04-21 19:00:06,750 - ResourceManager : unable to find resource 'VM_global_library.vm' in any resource loader.
2016-04-21 19:00:06,750 - Velocimacro : error using  VM library template VM_global_library.vm : org.apache.velocity.exception.ResourceNotFoundException: Unable to find resource 'VM_global_library.vm'
2016-04-21 19:00:06,750 - Velocimacro :  VM library template macro registration complete.
2016-04-21 19:00:06,750 - Velocimacro : allowInline = true : VMs can be defined inline in templates
2016-04-21 19:00:06,750 - Velocimacro : allowInlineToOverride = false : VMs defined inline may NOT replace previous VM definitions
2016-04-21 19:00:06,750 - Velocimacro : allowInlineLocal = false : VMs defined inline will be  global in scope if allowed.
2016-04-21 19:00:06,750 - Velocimacro : messages on  : VM system will output logging messages
2016-04-21 19:00:06,750 - Velocimacro : autoload off  : VM system will not automatically reload global library macros
2016-04-21 19:00:06,750 - Velocimacro : initialization complete.
2016-04-21 19:00:06,750 - Velocity successfully started.
2016-04-21 19:00:36,694 - SimpleLog4JLogSystem initialized using logfile 'velocity.log'
2016-04-21 19:00:36,699 - ************************************************************** 
2016-04-21 19:00:36,699 - Starting Jakarta Velocity v1.4
2016-04-21 19:00:36,699 - RuntimeInstance initializing.
2016-04-21 19:00:36,699 - Default Properties File: org\apache\velocity\runtime\defaults\velocity.properties
2016-04-21 19:00:36,699 - Trying to use logger class org.apache.velocity.runtime.log.SimpleLog4JLogSystem
2016-04-21 19:00:36,699 - Using logger class org.apache.velocity.runtime.log.SimpleLog4JLogSystem
2016-04-21 19:00:36,721 - Default ResourceManager initializing. (class org.apache.velocity.runtime.resource.ResourceManagerImpl)
2016-04-21 19:00:36,773 - Resource Loader Instantiated: org.apache.velocity.runtime.resource.loader.ClasspathResourceLoader
2016-04-21 19:00:36,773 - ClasspathResourceLoader : initialization starting.
2016-04-21 19:00:36,773 - ClasspathResourceLoader : initialization complete.
2016-04-21 19:00:36,785 - ResourceCache : initialized. (class org.apache.velocity.runtime.resource.ResourceCacheImpl)
2016-04-21 19:00:36,785 - Default ResourceManager initialization complete.
2016-04-21 19:00:36,874 - Loaded System Directive: org.apache.velocity.runtime.directive.Literal
2016-04-21 19:00:36,886 - Loaded System Directive: org.apache.velocity.runtime.directive.Macro
2016-04-21 19:00:36,903 - Loaded System Directive: org.apache.velocity.runtime.directive.Parse
2016-04-21 19:00:36,914 - Loaded System Directive: org.apache.velocity.runtime.directive.Include
2016-04-21 19:00:36,921 - Loaded System Directive: org.apache.velocity.runtime.directive.Foreach
2016-04-21 19:00:37,045 - Created: 20 parsers.
2016-04-21 19:00:37,127 - Velocimacro : initialization starting.
2016-04-21 19:00:37,127 - Velocimacro : adding VMs from VM library template : VM_global_library.vm
2016-04-21 19:00:37,173 - ResourceManager : unable to find resource 'VM_global_library.vm' in any resource loader.
2016-04-21 19:00:37,174 - Velocimacro : error using  VM library template VM_global_library.vm : org.apache.velocity.exception.ResourceNotFoundException: Unable to find resource 'VM_global_library.vm'
2016-04-21 19:00:37,174 - Velocimacro :  VM library template macro registration complete.
2016-04-21 19:00:37,174 - Velocimacro : allowInline = true : VMs can be defined inline in templates
2016-04-21 19:00:37,174 - Velocimacro : allowInlineToOverride = false : VMs defined inline may NOT replace previous VM definitions
2016-04-21 19:00:37,174 - Velocimacro : allowInlineLocal = false : VMs defined inline will be  global in scope if allowed.
2016-04-21 19:00:37,174 - Velocimacro : messages on  : VM system will output logging messages
2016-04-21 19:00:37,174 - Velocimacro : autoload off  : VM system will not automatically reload global library macros
2016-04-21 19:00:37,175 - Velocimacro : initialization complete.
2016-04-21 19:00:37,175 - Velocity successfully started.
2016-04-21 19:01:50,080 - SimpleLog4JLogSystem initialized using logfile 'velocity.log'
2016-04-21 19:01:50,080 - ************************************************************** 
2016-04-21 19:01:50,080 - Starting Jakarta Velocity v1.4
2016-04-21 19:01:50,080 - RuntimeInstance initializing.
2016-04-21 19:01:50,080 - Default Properties File: org\apache\velocity\runtime\defaults\velocity.properties
2016-04-21 19:01:50,080 - Trying to use logger class org.apache.velocity.runtime.log.SimpleLog4JLogSystem
2016-04-21 19:01:50,080 - Using logger class org.apache.velocity.runtime.log.SimpleLog4JLogSystem
2016-04-21 19:01:50,090 - Default ResourceManager initializing. (class org.apache.velocity.runtime.resource.ResourceManagerImpl)
2016-04-21 19:01:50,100 - Resource Loader Instantiated: org.apache.velocity.runtime.resource.loader.ClasspathResourceLoader
2016-04-21 19:01:50,100 - ClasspathResourceLoader : initialization starting.
2016-04-21 19:01:50,100 - ClasspathResourceLoader : initialization complete.
2016-04-21 19:01:50,120 - ResourceCache : initialized. (class org.apache.velocity.runtime.resource.ResourceCacheImpl)
2016-04-21 19:01:50,120 - Default ResourceManager initialization complete.
2016-04-21 19:01:50,140 - Loaded System Directive: org.apache.velocity.runtime.directive.Literal
2016-04-21 19:01:50,155 - Loaded System Directive: org.apache.velocity.runtime.directive.Macro
2016-04-21 19:01:50,165 - Loaded System Directive: org.apache.velocity.runtime.directive.Parse
2016-04-21 19:01:50,175 - Loaded System Directive: org.apache.velocity.runtime.directive.Include
2016-04-21 19:01:50,180 - Loaded System Directive: org.apache.velocity.runtime.directive.Foreach
2016-04-21 19:01:50,275 - Created: 20 parsers.
2016-04-21 19:01:50,320 - Velocimacro : initialization starting.
2016-04-21 19:01:50,320 - Velocimacro : adding VMs from VM library template : VM_global_library.vm
2016-04-21 19:01:50,340 - ResourceManager : unable to find resource 'VM_global_library.vm' in any resource loader.
2016-04-21 19:01:50,340 - Velocimacro : error using  VM library template VM_global_library.vm : org.apache.velocity.exception.ResourceNotFoundException: Unable to find resource 'VM_global_library.vm'
2016-04-21 19:01:50,340 - Velocimacro :  VM library template macro registration complete.
2016-04-21 19:01:50,340 - Velocimacro : allowInline = true : VMs can be defined inline in templates
2016-04-21 19:01:50,340 - Velocimacro : allowInlineToOverride = false : VMs defined inline may NOT replace previous VM definitions
2016-04-21 19:01:50,340 - Velocimacro : allowInlineLocal = false : VMs defined inline will be  global in scope if allowed.
2016-04-21 19:01:50,340 - Velocimacro : messages on  : VM system will output logging messages
2016-04-21 19:01:50,340 - Velocimacro : autoload off  : VM system will not automatically reload global library macros
2016-04-21 19:01:50,340 - Velocimacro : initialization complete.
2016-04-21 19:01:50,340 - Velocity successfully started.
2016-04-22 09:33:01,306 - SimpleLog4JLogSystem initialized using logfile 'velocity.log'
2016-04-22 09:33:01,307 - ************************************************************** 
2016-04-22 09:33:01,307 - Starting Jakarta Velocity v1.4
2016-04-22 09:33:01,307 - RuntimeInstance initializing.
2016-04-22 09:33:01,308 - Default Properties File: org\apache\velocity\runtime\defaults\velocity.properties
2016-04-22 09:33:01,308 - Trying to use logger class org.apache.velocity.runtime.log.SimpleLog4JLogSystem
2016-04-22 09:33:01,308 - Using logger class org.apache.velocity.runtime.log.SimpleLog4JLogSystem
2016-04-22 09:33:01,338 - Default ResourceManager initializing. (class org.apache.velocity.runtime.resource.ResourceManagerImpl)
2016-04-22 09:33:01,378 - Resource Loader Instantiated: org.apache.velocity.runtime.resource.loader.ClasspathResourceLoader
2016-04-22 09:33:01,379 - ClasspathResourceLoader : initialization starting.
2016-04-22 09:33:01,379 - ClasspathResourceLoader : initialization complete.
2016-04-22 09:33:01,400 - ResourceCache : initialized. (class org.apache.velocity.runtime.resource.ResourceCacheImpl)
2016-04-22 09:33:01,400 - Default ResourceManager initialization complete.
2016-04-22 09:33:01,430 - Loaded System Directive: org.apache.velocity.runtime.directive.Literal
2016-04-22 09:33:01,449 - Loaded System Directive: org.apache.velocity.runtime.directive.Macro
2016-04-22 09:33:01,481 - Loaded System Directive: org.apache.velocity.runtime.directive.Parse
2016-04-22 09:33:01,498 - Loaded System Directive: org.apache.velocity.runtime.directive.Include
2016-04-22 09:33:01,505 - Loaded System Directive: org.apache.velocity.runtime.directive.Foreach
2016-04-22 09:33:01,658 - Created: 20 parsers.
2016-04-22 09:33:01,722 - Velocimacro : initialization starting.
2016-04-22 09:33:01,722 - Velocimacro : adding VMs from VM library template : VM_global_library.vm
2016-04-22 09:33:01,752 - ResourceManager : unable to find resource 'VM_global_library.vm' in any resource loader.
2016-04-22 09:33:01,753 - Velocimacro : error using  VM library template VM_global_library.vm : org.apache.velocity.exception.ResourceNotFoundException: Unable to find resource 'VM_global_library.vm'
2016-04-22 09:33:01,753 - Velocimacro :  VM library template macro registration complete.
2016-04-22 09:33:01,753 - Velocimacro : allowInline = true : VMs can be defined inline in templates
2016-04-22 09:33:01,753 - Velocimacro : allowInlineToOverride = false : VMs defined inline may NOT replace previous VM definitions
2016-04-22 09:33:01,753 - Velocimacro : allowInlineLocal = false : VMs defined inline will be  global in scope if allowed.
2016-04-22 09:33:01,753 - Velocimacro : messages on  : VM system will output logging messages
2016-04-22 09:33:01,753 - Velocimacro : autoload off  : VM system will not automatically reload global library macros
2016-04-22 09:33:01,753 - Velocimacro : initialization complete.
2016-04-22 09:33:01,753 - Velocity successfully started.
2016-04-22 09:35:41,348 - SimpleLog4JLogSystem initialized using logfile 'velocity.log'
2016-04-22 09:35:41,349 - ************************************************************** 
2016-04-22 09:35:41,349 - Starting Jakarta Velocity v1.4
2016-04-22 09:35:41,349 - RuntimeInstance initializing.
2016-04-22 09:35:41,349 - Default Properties File: org\apache\velocity\runtime\defaults\velocity.properties
2016-04-22 09:35:41,349 - Trying to use logger class org.apache.velocity.runtime.log.SimpleLog4JLogSystem
2016-04-22 09:35:41,349 - Using logger class org.apache.velocity.runtime.log.SimpleLog4JLogSystem
2016-04-22 09:35:41,372 - Default ResourceManager initializing. (class org.apache.velocity.runtime.resource.ResourceManagerImpl)
2016-04-22 09:35:41,389 - Resource Loader Instantiated: org.apache.velocity.runtime.resource.loader.ClasspathResourceLoader
2016-04-22 09:35:41,389 - ClasspathResourceLoader : initialization starting.
2016-04-22 09:35:41,389 - ClasspathResourceLoader : initialization complete.
2016-04-22 09:35:41,400 - ResourceCache : initialized. (class org.apache.velocity.runtime.resource.ResourceCacheImpl)
2016-04-22 09:35:41,400 - Default ResourceManager initialization complete.
2016-04-22 09:35:41,420 - Loaded System Directive: org.apache.velocity.runtime.directive.Literal
2016-04-22 09:35:41,432 - Loaded System Directive: org.apache.velocity.runtime.directive.Macro
2016-04-22 09:35:41,448 - Loaded System Directive: org.apache.velocity.runtime.directive.Parse
2016-04-22 09:35:41,456 - Loaded System Directive: org.apache.velocity.runtime.directive.Include
2016-04-22 09:35:41,462 - Loaded System Directive: org.apache.velocity.runtime.directive.Foreach
2016-04-22 09:35:41,585 - Created: 20 parsers.
2016-04-22 09:35:41,636 - Velocimacro : initialization starting.
2016-04-22 09:35:41,636 - Velocimacro : adding VMs from VM library template : VM_global_library.vm
2016-04-22 09:35:41,664 - ResourceManager : unable to find resource 'VM_global_library.vm' in any resource loader.
2016-04-22 09:35:41,664 - Velocimacro : error using  VM library template VM_global_library.vm : org.apache.velocity.exception.ResourceNotFoundException: Unable to find resource 'VM_global_library.vm'
2016-04-22 09:35:41,664 - Velocimacro :  VM library template macro registration complete.
2016-04-22 09:35:41,664 - Velocimacro : allowInline = true : VMs can be defined inline in templates
2016-04-22 09:35:41,664 - Velocimacro : allowInlineToOverride = false : VMs defined inline may NOT replace previous VM definitions
2016-04-22 09:35:41,664 - Velocimacro : allowInlineLocal = false : VMs defined inline will be  global in scope if allowed.
2016-04-22 09:35:41,665 - Velocimacro : messages on  : VM system will output logging messages
2016-04-22 09:35:41,665 - Velocimacro : autoload off  : VM system will not automatically reload global library macros
2016-04-22 09:35:41,665 - Velocimacro : initialization complete.
2016-04-22 09:35:41,665 - Velocity successfully started.
2016-04-22 09:37:41,994 - SimpleLog4JLogSystem initialized using logfile 'velocity.log'
2016-04-22 09:37:41,995 - ************************************************************** 
2016-04-22 09:37:41,995 - Starting Jakarta Velocity v1.4
2016-04-22 09:37:41,995 - RuntimeInstance initializing.
2016-04-22 09:37:41,995 - Default Properties File: org\apache\velocity\runtime\defaults\velocity.properties
2016-04-22 09:37:41,995 - Trying to use logger class org.apache.velocity.runtime.log.SimpleLog4JLogSystem
2016-04-22 09:37:41,995 - Using logger class org.apache.velocity.runtime.log.SimpleLog4JLogSystem
2016-04-22 09:37:42,017 - Default ResourceManager initializing. (class org.apache.velocity.runtime.resource.ResourceManagerImpl)
2016-04-22 09:37:42,033 - Resource Loader Instantiated: org.apache.velocity.runtime.resource.loader.ClasspathResourceLoader
2016-04-22 09:37:42,033 - ClasspathResourceLoader : initialization starting.
2016-04-22 09:37:42,033 - ClasspathResourceLoader : initialization complete.
2016-04-22 09:37:42,046 - ResourceCache : initialized. (class org.apache.velocity.runtime.resource.ResourceCacheImpl)
2016-04-22 09:37:42,046 - Default ResourceManager initialization complete.
2016-04-22 09:37:42,070 - Loaded System Directive: org.apache.velocity.runtime.directive.Literal
2016-04-22 09:37:42,081 - Loaded System Directive: org.apache.velocity.runtime.directive.Macro
2016-04-22 09:37:42,099 - Loaded System Directive: org.apache.velocity.runtime.directive.Parse
2016-04-22 09:37:42,109 - Loaded System Directive: org.apache.velocity.runtime.directive.Include
2016-04-22 09:37:42,115 - Loaded System Directive: org.apache.velocity.runtime.directive.Foreach
2016-04-22 09:37:42,208 - Created: 20 parsers.
2016-04-22 09:37:42,256 - Velocimacro : initialization starting.
2016-04-22 09:37:42,257 - Velocimacro : adding VMs from VM library template : VM_global_library.vm
2016-04-22 09:37:42,289 - ResourceManager : unable to find resource 'VM_global_library.vm' in any resource loader.
2016-04-22 09:37:42,290 - Velocimacro : error using  VM library template VM_global_library.vm : org.apache.velocity.exception.ResourceNotFoundException: Unable to find resource 'VM_global_library.vm'
2016-04-22 09:37:42,290 - Velocimacro :  VM library template macro registration complete.
2016-04-22 09:37:42,290 - Velocimacro : allowInline = true : VMs can be defined inline in templates
2016-04-22 09:37:42,290 - Velocimacro : allowInlineToOverride = false : VMs defined inline may NOT replace previous VM definitions
2016-04-22 09:37:42,290 - Velocimacro : allowInlineLocal = false : VMs defined inline will be  global in scope if allowed.
2016-04-22 09:37:42,290 - Velocimacro : messages on  : VM system will output logging messages
2016-04-22 09:37:42,290 - Velocimacro : autoload off  : VM system will not automatically reload global library macros
2016-04-22 09:37:42,290 - Velocimacro : initialization complete.
2016-04-22 09:37:42,290 - Velocity successfully started.
2016-04-22 09:39:07,206 - SimpleLog4JLogSystem initialized using logfile 'velocity.log'
2016-04-22 09:39:07,207 - ************************************************************** 
2016-04-22 09:39:07,207 - Starting Jakarta Velocity v1.4
2016-04-22 09:39:07,207 - RuntimeInstance initializing.
2016-04-22 09:39:07,207 - Default Properties File: org\apache\velocity\runtime\defaults\velocity.properties
2016-04-22 09:39:07,207 - Trying to use logger class org.apache.velocity.runtime.log.SimpleLog4JLogSystem
2016-04-22 09:39:07,207 - Using logger class org.apache.velocity.runtime.log.SimpleLog4JLogSystem
2016-04-22 09:39:07,224 - Default ResourceManager initializing. (class org.apache.velocity.runtime.resource.ResourceManagerImpl)
2016-04-22 09:39:07,241 - Resource Loader Instantiated: org.apache.velocity.runtime.resource.loader.ClasspathResourceLoader
2016-04-22 09:39:07,241 - ClasspathResourceLoader : initialization starting.
2016-04-22 09:39:07,241 - ClasspathResourceLoader : initialization complete.
2016-04-22 09:39:07,252 - ResourceCache : initialized. (class org.apache.velocity.runtime.resource.ResourceCacheImpl)
2016-04-22 09:39:07,252 - Default ResourceManager initialization complete.
2016-04-22 09:39:07,270 - Loaded System Directive: org.apache.velocity.runtime.directive.Literal
2016-04-22 09:39:07,280 - Loaded System Directive: org.apache.velocity.runtime.directive.Macro
2016-04-22 09:39:07,296 - Loaded System Directive: org.apache.velocity.runtime.directive.Parse
2016-04-22 09:39:07,308 - Loaded System Directive: org.apache.velocity.runtime.directive.Include
2016-04-22 09:39:07,314 - Loaded System Directive: org.apache.velocity.runtime.directive.Foreach
2016-04-22 09:39:07,469 - Created: 20 parsers.
2016-04-22 09:39:07,510 - Velocimacro : initialization starting.
2016-04-22 09:39:07,511 - Velocimacro : adding VMs from VM library template : VM_global_library.vm
2016-04-22 09:39:07,535 - ResourceManager : unable to find resource 'VM_global_library.vm' in any resource loader.
2016-04-22 09:39:07,535 - Velocimacro : error using  VM library template VM_global_library.vm : org.apache.velocity.exception.ResourceNotFoundException: Unable to find resource 'VM_global_library.vm'
2016-04-22 09:39:07,535 - Velocimacro :  VM library template macro registration complete.
2016-04-22 09:39:07,535 - Velocimacro : allowInline = true : VMs can be defined inline in templates
2016-04-22 09:39:07,535 - Velocimacro : allowInlineToOverride = false : VMs defined inline may NOT replace previous VM definitions
2016-04-22 09:39:07,535 - Velocimacro : allowInlineLocal = false : VMs defined inline will be  global in scope if allowed.
2016-04-22 09:39:07,535 - Velocimacro : messages on  : VM system will output logging messages
2016-04-22 09:39:07,535 - Velocimacro : autoload off  : VM system will not automatically reload global library macros
2016-04-22 09:39:07,536 - Velocimacro : initialization complete.
2016-04-22 09:39:07,536 - Velocity successfully started.
2016-04-22 09:40:35,862 - SimpleLog4JLogSystem initialized using logfile 'velocity.log'
2016-04-22 09:40:35,863 - ************************************************************** 
2016-04-22 09:40:35,863 - Starting Jakarta Velocity v1.4
2016-04-22 09:40:35,863 - RuntimeInstance initializing.
2016-04-22 09:40:35,863 - Default Properties File: org\apache\velocity\runtime\defaults\velocity.properties
2016-04-22 09:40:35,863 - Trying to use logger class org.apache.velocity.runtime.log.SimpleLog4JLogSystem
2016-04-22 09:40:35,863 - Using logger class org.apache.velocity.runtime.log.SimpleLog4JLogSystem
2016-04-22 09:40:35,884 - Default ResourceManager initializing. (class org.apache.velocity.runtime.resource.ResourceManagerImpl)
2016-04-22 09:40:35,910 - Resource Loader Instantiated: org.apache.velocity.runtime.resource.loader.ClasspathResourceLoader
2016-04-22 09:40:35,911 - ClasspathResourceLoader : initialization starting.
2016-04-22 09:40:35,911 - ClasspathResourceLoader : initialization complete.
2016-04-22 09:40:35,923 - ResourceCache : initialized. (class org.apache.velocity.runtime.resource.ResourceCacheImpl)
2016-04-22 09:40:35,924 - Default ResourceManager initialization complete.
2016-04-22 09:40:35,944 - Loaded System Directive: org.apache.velocity.runtime.directive.Literal
2016-04-22 09:40:35,956 - Loaded System Directive: org.apache.velocity.runtime.directive.Macro
2016-04-22 09:40:35,977 - Loaded System Directive: org.apache.velocity.runtime.directive.Parse
2016-04-22 09:40:35,994 - Loaded System Directive: org.apache.velocity.runtime.directive.Include
2016-04-22 09:40:36,001 - Loaded System Directive: org.apache.velocity.runtime.directive.Foreach
2016-04-22 09:40:36,391 - Created: 20 parsers.
2016-04-22 09:40:36,503 - Velocimacro : initialization starting.
2016-04-22 09:40:36,503 - Velocimacro : adding VMs from VM library template : VM_global_library.vm
2016-04-22 09:40:36,548 - ResourceManager : unable to find resource 'VM_global_library.vm' in any resource loader.
2016-04-22 09:40:36,548 - Velocimacro : error using  VM library template VM_global_library.vm : org.apache.velocity.exception.ResourceNotFoundException: Unable to find resource 'VM_global_library.vm'
2016-04-22 09:40:36,548 - Velocimacro :  VM library template macro registration complete.
2016-04-22 09:40:36,548 - Velocimacro : allowInline = true : VMs can be defined inline in templates
2016-04-22 09:40:36,548 - Velocimacro : allowInlineToOverride = false : VMs defined inline may NOT replace previous VM definitions
2016-04-22 09:40:36,548 - Velocimacro : allowInlineLocal = false : VMs defined inline will be  global in scope if allowed.
2016-04-22 09:40:36,548 - Velocimacro : messages on  : VM system will output logging messages
2016-04-22 09:40:36,548 - Velocimacro : autoload off  : VM system will not automatically reload global library macros
2016-04-22 09:40:36,548 - Velocimacro : initialization complete.
2016-04-22 09:40:36,549 - Velocity successfully started.
2016-04-22 09:41:52,990 - SimpleLog4JLogSystem initialized using logfile 'velocity.log'
2016-04-22 09:41:52,991 - ************************************************************** 
2016-04-22 09:41:52,991 - Starting Jakarta Velocity v1.4
2016-04-22 09:41:52,991 - RuntimeInstance initializing.
2016-04-22 09:41:52,991 - Default Properties File: org\apache\velocity\runtime\defaults\velocity.properties
2016-04-22 09:41:52,991 - Trying to use logger class org.apache.velocity.runtime.log.SimpleLog4JLogSystem
2016-04-22 09:41:52,991 - Using logger class org.apache.velocity.runtime.log.SimpleLog4JLogSystem
2016-04-22 09:41:53,008 - Default ResourceManager initializing. (class org.apache.velocity.runtime.resource.ResourceManagerImpl)
2016-04-22 09:41:53,029 - Resource Loader Instantiated: org.apache.velocity.runtime.resource.loader.ClasspathResourceLoader
2016-04-22 09:41:53,030 - ClasspathResourceLoader : initialization starting.
2016-04-22 09:41:53,030 - ClasspathResourceLoader : initialization complete.
2016-04-22 09:41:53,053 - ResourceCache : initialized. (class org.apache.velocity.runtime.resource.ResourceCacheImpl)
2016-04-22 09:41:53,053 - Default ResourceManager initialization complete.
2016-04-22 09:41:53,072 - Loaded System Directive: org.apache.velocity.runtime.directive.Literal
2016-04-22 09:41:53,083 - Loaded System Directive: org.apache.velocity.runtime.directive.Macro
2016-04-22 09:41:53,100 - Loaded System Directive: org.apache.velocity.runtime.directive.Parse
2016-04-22 09:41:53,111 - Loaded System Directive: org.apache.velocity.runtime.directive.Include
2016-04-22 09:41:53,116 - Loaded System Directive: org.apache.velocity.runtime.directive.Foreach
2016-04-22 09:41:53,233 - Created: 20 parsers.
2016-04-22 09:41:53,283 - Velocimacro : initialization starting.
2016-04-22 09:41:53,283 - Velocimacro : adding VMs from VM library template : VM_global_library.vm
2016-04-22 09:41:53,314 - ResourceManager : unable to find resource 'VM_global_library.vm' in any resource loader.
2016-04-22 09:41:53,314 - Velocimacro : error using  VM library template VM_global_library.vm : org.apache.velocity.exception.ResourceNotFoundException: Unable to find resource 'VM_global_library.vm'
2016-04-22 09:41:53,314 - Velocimacro :  VM library template macro registration complete.
2016-04-22 09:41:53,314 - Velocimacro : allowInline = true : VMs can be defined inline in templates
2016-04-22 09:41:53,315 - Velocimacro : allowInlineToOverride = false : VMs defined inline may NOT replace previous VM definitions
2016-04-22 09:41:53,315 - Velocimacro : allowInlineLocal = false : VMs defined inline will be  global in scope if allowed.
2016-04-22 09:41:53,315 - Velocimacro : messages on  : VM system will output logging messages
2016-04-22 09:41:53,315 - Velocimacro : autoload off  : VM system will not automatically reload global library macros
2016-04-22 09:41:53,315 - Velocimacro : initialization complete.
2016-04-22 09:41:53,315 - Velocity successfully started.
2016-04-22 09:44:59,666 - SimpleLog4JLogSystem initialized using logfile 'velocity.log'
2016-04-22 09:44:59,667 - ************************************************************** 
2016-04-22 09:44:59,667 - Starting Jakarta Velocity v1.4
2016-04-22 09:44:59,667 - RuntimeInstance initializing.
2016-04-22 09:44:59,667 - Default Properties File: org\apache\velocity\runtime\defaults\velocity.properties
2016-04-22 09:44:59,667 - Trying to use logger class org.apache.velocity.runtime.log.SimpleLog4JLogSystem
2016-04-22 09:44:59,667 - Using logger class org.apache.velocity.runtime.log.SimpleLog4JLogSystem
2016-04-22 09:44:59,684 - Default ResourceManager initializing. (class org.apache.velocity.runtime.resource.ResourceManagerImpl)
2016-04-22 09:44:59,706 - Resource Loader Instantiated: org.apache.velocity.runtime.resource.loader.ClasspathResourceLoader
2016-04-22 09:44:59,706 - ClasspathResourceLoader : initialization starting.
2016-04-22 09:44:59,706 - ClasspathResourceLoader : initialization complete.
2016-04-22 09:44:59,716 - ResourceCache : initialized. (class org.apache.velocity.runtime.resource.ResourceCacheImpl)
2016-04-22 09:44:59,716 - Default ResourceManager initialization complete.
2016-04-22 09:44:59,734 - Loaded System Directive: org.apache.velocity.runtime.directive.Literal
2016-04-22 09:44:59,745 - Loaded System Directive: org.apache.velocity.runtime.directive.Macro
2016-04-22 09:44:59,759 - Loaded System Directive: org.apache.velocity.runtime.directive.Parse
2016-04-22 09:44:59,767 - Loaded System Directive: org.apache.velocity.runtime.directive.Include
2016-04-22 09:44:59,772 - Loaded System Directive: org.apache.velocity.runtime.directive.Foreach
2016-04-22 09:44:59,923 - Created: 20 parsers.
2016-04-22 09:44:59,965 - Velocimacro : initialization starting.
2016-04-22 09:44:59,965 - Velocimacro : adding VMs from VM library template : VM_global_library.vm
2016-04-22 09:44:59,996 - ResourceManager : unable to find resource 'VM_global_library.vm' in any resource loader.
2016-04-22 09:44:59,996 - Velocimacro : error using  VM library template VM_global_library.vm : org.apache.velocity.exception.ResourceNotFoundException: Unable to find resource 'VM_global_library.vm'
2016-04-22 09:44:59,997 - Velocimacro :  VM library template macro registration complete.
2016-04-22 09:44:59,997 - Velocimacro : allowInline = true : VMs can be defined inline in templates
2016-04-22 09:44:59,997 - Velocimacro : allowInlineToOverride = false : VMs defined inline may NOT replace previous VM definitions
2016-04-22 09:44:59,997 - Velocimacro : allowInlineLocal = false : VMs defined inline will be  global in scope if allowed.
2016-04-22 09:44:59,997 - Velocimacro : messages on  : VM system will output logging messages
2016-04-22 09:44:59,997 - Velocimacro : autoload off  : VM system will not automatically reload global library macros
2016-04-22 09:44:59,997 - Velocimacro : initialization complete.
2016-04-22 09:44:59,997 - Velocity successfully started.
2016-04-22 09:46:26,742 - SimpleLog4JLogSystem initialized using logfile 'velocity.log'
2016-04-22 09:46:26,742 - ************************************************************** 
2016-04-22 09:46:26,743 - Starting Jakarta Velocity v1.4
2016-04-22 09:46:26,743 - RuntimeInstance initializing.
2016-04-22 09:46:26,743 - Default Properties File: org\apache\velocity\runtime\defaults\velocity.properties
2016-04-22 09:46:26,743 - Trying to use logger class org.apache.velocity.runtime.log.SimpleLog4JLogSystem
2016-04-22 09:46:26,743 - Using logger class org.apache.velocity.runtime.log.SimpleLog4JLogSystem
2016-04-22 09:46:26,769 - Default ResourceManager initializing. (class org.apache.velocity.runtime.resource.ResourceManagerImpl)
2016-04-22 09:46:26,796 - Resource Loader Instantiated: org.apache.velocity.runtime.resource.loader.ClasspathResourceLoader
2016-04-22 09:46:26,796 - ClasspathResourceLoader : initialization starting.
2016-04-22 09:46:26,796 - ClasspathResourceLoader : initialization complete.
2016-04-22 09:46:26,821 - ResourceCache : initialized. (class org.apache.velocity.runtime.resource.ResourceCacheImpl)
2016-04-22 09:46:26,821 - Default ResourceManager initialization complete.
2016-04-22 09:46:26,852 - Loaded System Directive: org.apache.velocity.runtime.directive.Literal
2016-04-22 09:46:26,868 - Loaded System Directive: org.apache.velocity.runtime.directive.Macro
2016-04-22 09:46:26,898 - Loaded System Directive: org.apache.velocity.runtime.directive.Parse
2016-04-22 09:46:26,920 - Loaded System Directive: org.apache.velocity.runtime.directive.Include
2016-04-22 09:46:26,934 - Loaded System Directive: org.apache.velocity.runtime.directive.Foreach
2016-04-22 09:46:27,162 - Created: 20 parsers.
2016-04-22 09:46:27,270 - Velocimacro : initialization starting.
2016-04-22 09:46:27,271 - Velocimacro : adding VMs from VM library template : VM_global_library.vm
2016-04-22 09:46:27,321 - ResourceManager : unable to find resource 'VM_global_library.vm' in any resource loader.
2016-04-22 09:46:27,321 - Velocimacro : error using  VM library template VM_global_library.vm : org.apache.velocity.exception.ResourceNotFoundException: Unable to find resource 'VM_global_library.vm'
2016-04-22 09:46:27,322 - Velocimacro :  VM library template macro registration complete.
2016-04-22 09:46:27,322 - Velocimacro : allowInline = true : VMs can be defined inline in templates
2016-04-22 09:46:27,322 - Velocimacro : allowInlineToOverride = false : VMs defined inline may NOT replace previous VM definitions
2016-04-22 09:46:27,322 - Velocimacro : allowInlineLocal = false : VMs defined inline will be  global in scope if allowed.
2016-04-22 09:46:27,322 - Velocimacro : messages on  : VM system will output logging messages
2016-04-22 09:46:27,322 - Velocimacro : autoload off  : VM system will not automatically reload global library macros
2016-04-22 09:46:27,322 - Velocimacro : initialization complete.
2016-04-22 09:46:27,322 - Velocity successfully started.
2016-04-22 10:12:05,355 - SimpleLog4JLogSystem initialized using logfile 'velocity.log'
2016-04-22 10:12:05,356 - ************************************************************** 
2016-04-22 10:12:05,356 - Starting Jakarta Velocity v1.4
2016-04-22 10:12:05,356 - RuntimeInstance initializing.
2016-04-22 10:12:05,358 - Default Properties File: org\apache\velocity\runtime\defaults\velocity.properties
2016-04-22 10:12:05,358 - Trying to use logger class org.apache.velocity.runtime.log.SimpleLog4JLogSystem
2016-04-22 10:12:05,358 - Using logger class org.apache.velocity.runtime.log.SimpleLog4JLogSystem
2016-04-22 10:12:05,378 - Default ResourceManager initializing. (class org.apache.velocity.runtime.resource.ResourceManagerImpl)
2016-04-22 10:12:05,401 - Resource Loader Instantiated: org.apache.velocity.runtime.resource.loader.ClasspathResourceLoader
2016-04-22 10:12:05,401 - ClasspathResourceLoader : initialization starting.
2016-04-22 10:12:05,401 - ClasspathResourceLoader : initialization complete.
2016-04-22 10:12:05,414 - ResourceCache : initialized. (class org.apache.velocity.runtime.resource.ResourceCacheImpl)
2016-04-22 10:12:05,414 - Default ResourceManager initialization complete.
2016-04-22 10:12:05,436 - Loaded System Directive: org.apache.velocity.runtime.directive.Literal
2016-04-22 10:12:05,459 - Loaded System Directive: org.apache.velocity.runtime.directive.Macro
2016-04-22 10:12:05,483 - Loaded System Directive: org.apache.velocity.runtime.directive.Parse
2016-04-22 10:12:05,501 - Loaded System Directive: org.apache.velocity.runtime.directive.Include
2016-04-22 10:12:05,509 - Loaded System Directive: org.apache.velocity.runtime.directive.Foreach
2016-04-22 10:12:05,792 - Created: 20 parsers.
2016-04-22 10:12:05,866 - Velocimacro : initialization starting.
2016-04-22 10:12:05,867 - Velocimacro : adding VMs from VM library template : VM_global_library.vm
2016-04-22 10:12:05,901 - ResourceManager : unable to find resource 'VM_global_library.vm' in any resource loader.
2016-04-22 10:12:05,902 - Velocimacro : error using  VM library template VM_global_library.vm : org.apache.velocity.exception.ResourceNotFoundException: Unable to find resource 'VM_global_library.vm'
2016-04-22 10:12:05,902 - Velocimacro :  VM library template macro registration complete.
2016-04-22 10:12:05,902 - Velocimacro : allowInline = true : VMs can be defined inline in templates
2016-04-22 10:12:05,902 - Velocimacro : allowInlineToOverride = false : VMs defined inline may NOT replace previous VM definitions
2016-04-22 10:12:05,902 - Velocimacro : allowInlineLocal = false : VMs defined inline will be  global in scope if allowed.
2016-04-22 10:12:05,902 - Velocimacro : messages on  : VM system will output logging messages
2016-04-22 10:12:05,902 - Velocimacro : autoload off  : VM system will not automatically reload global library macros
2016-04-22 10:12:05,902 - Velocimacro : initialization complete.
2016-04-22 10:12:05,902 - Velocity successfully started.
2016-04-22 10:14:03,164 - SimpleLog4JLogSystem initialized using logfile 'velocity.log'
2016-04-22 10:14:03,164 - ************************************************************** 
2016-04-22 10:14:03,165 - Starting Jakarta Velocity v1.4
2016-04-22 10:14:03,165 - RuntimeInstance initializing.
2016-04-22 10:14:03,165 - Default Properties File: org\apache\velocity\runtime\defaults\velocity.properties
2016-04-22 10:14:03,165 - Trying to use logger class org.apache.velocity.runtime.log.SimpleLog4JLogSystem
2016-04-22 10:14:03,165 - Using logger class org.apache.velocity.runtime.log.SimpleLog4JLogSystem
2016-04-22 10:14:03,185 - Default ResourceManager initializing. (class org.apache.velocity.runtime.resource.ResourceManagerImpl)
2016-04-22 10:14:03,203 - Resource Loader Instantiated: org.apache.velocity.runtime.resource.loader.ClasspathResourceLoader
2016-04-22 10:14:03,204 - ClasspathResourceLoader : initialization starting.
2016-04-22 10:14:03,204 - ClasspathResourceLoader : initialization complete.
2016-04-22 10:14:03,216 - ResourceCache : initialized. (class org.apache.velocity.runtime.resource.ResourceCacheImpl)
2016-04-22 10:14:03,216 - Default ResourceManager initialization complete.
2016-04-22 10:14:03,235 - Loaded System Directive: org.apache.velocity.runtime.directive.Literal
2016-04-22 10:14:03,246 - Loaded System Directive: org.apache.velocity.runtime.directive.Macro
2016-04-22 10:14:03,267 - Loaded System Directive: org.apache.velocity.runtime.directive.Parse
2016-04-22 10:14:03,279 - Loaded System Directive: org.apache.velocity.runtime.directive.Include
2016-04-22 10:14:03,285 - Loaded System Directive: org.apache.velocity.runtime.directive.Foreach
2016-04-22 10:14:03,442 - Created: 20 parsers.
2016-04-22 10:14:03,505 - Velocimacro : initialization starting.
2016-04-22 10:14:03,506 - Velocimacro : adding VMs from VM library template : VM_global_library.vm
2016-04-22 10:14:03,541 - ResourceManager : unable to find resource 'VM_global_library.vm' in any resource loader.
2016-04-22 10:14:03,541 - Velocimacro : error using  VM library template VM_global_library.vm : org.apache.velocity.exception.ResourceNotFoundException: Unable to find resource 'VM_global_library.vm'
2016-04-22 10:14:03,541 - Velocimacro :  VM library template macro registration complete.
2016-04-22 10:14:03,541 - Velocimacro : allowInline = true : VMs can be defined inline in templates
2016-04-22 10:14:03,542 - Velocimacro : allowInlineToOverride = false : VMs defined inline may NOT replace previous VM definitions
2016-04-22 10:14:03,542 - Velocimacro : allowInlineLocal = false : VMs defined inline will be  global in scope if allowed.
2016-04-22 10:14:03,542 - Velocimacro : messages on  : VM system will output logging messages
2016-04-22 10:14:03,542 - Velocimacro : autoload off  : VM system will not automatically reload global library macros
2016-04-22 10:14:03,542 - Velocimacro : initialization complete.
2016-04-22 10:14:03,542 - Velocity successfully started.
2016-04-22 10:16:52,866 - SimpleLog4JLogSystem initialized using logfile 'velocity.log'
2016-04-22 10:16:52,867 - ************************************************************** 
2016-04-22 10:16:52,867 - Starting Jakarta Velocity v1.4
2016-04-22 10:16:52,867 - RuntimeInstance initializing.
2016-04-22 10:16:52,867 - Default Properties File: org\apache\velocity\runtime\defaults\velocity.properties
2016-04-22 10:16:52,867 - Trying to use logger class org.apache.velocity.runtime.log.SimpleLog4JLogSystem
2016-04-22 10:16:52,867 - Using logger class org.apache.velocity.runtime.log.SimpleLog4JLogSystem
2016-04-22 10:16:52,890 - Default ResourceManager initializing. (class org.apache.velocity.runtime.resource.ResourceManagerImpl)
2016-04-22 10:16:52,908 - Resource Loader Instantiated: org.apache.velocity.runtime.resource.loader.ClasspathResourceLoader
2016-04-22 10:16:52,908 - ClasspathResourceLoader : initialization starting.
2016-04-22 10:16:52,908 - ClasspathResourceLoader : initialization complete.
2016-04-22 10:16:52,927 - ResourceCache : initialized. (class org.apache.velocity.runtime.resource.ResourceCacheImpl)
2016-04-22 10:16:52,927 - Default ResourceManager initialization complete.
2016-04-22 10:16:52,946 - Loaded System Directive: org.apache.velocity.runtime.directive.Literal
2016-04-22 10:16:52,957 - Loaded System Directive: org.apache.velocity.runtime.directive.Macro
2016-04-22 10:16:52,974 - Loaded System Directive: org.apache.velocity.runtime.directive.Parse
2016-04-22 10:16:52,986 - Loaded System Directive: org.apache.velocity.runtime.directive.Include
2016-04-22 10:16:52,991 - Loaded System Directive: org.apache.velocity.runtime.directive.Foreach
2016-04-22 10:16:53,142 - Created: 20 parsers.
2016-04-22 10:16:53,207 - Velocimacro : initialization starting.
2016-04-22 10:16:53,207 - Velocimacro : adding VMs from VM library template : VM_global_library.vm
2016-04-22 10:16:53,242 - ResourceManager : unable to find resource 'VM_global_library.vm' in any resource loader.
2016-04-22 10:16:53,243 - Velocimacro : error using  VM library template VM_global_library.vm : org.apache.velocity.exception.ResourceNotFoundException: Unable to find resource 'VM_global_library.vm'
2016-04-22 10:16:53,243 - Velocimacro :  VM library template macro registration complete.
2016-04-22 10:16:53,243 - Velocimacro : allowInline = true : VMs can be defined inline in templates
2016-04-22 10:16:53,243 - Velocimacro : allowInlineToOverride = false : VMs defined inline may NOT replace previous VM definitions
2016-04-22 10:16:53,243 - Velocimacro : allowInlineLocal = false : VMs defined inline will be  global in scope if allowed.
2016-04-22 10:16:53,243 - Velocimacro : messages on  : VM system will output logging messages
2016-04-22 10:16:53,243 - Velocimacro : autoload off  : VM system will not automatically reload global library macros
2016-04-22 10:16:53,243 - Velocimacro : initialization complete.
2016-04-22 10:16:53,243 - Velocity successfully started.
2016-04-22 10:18:51,834 - SimpleLog4JLogSystem initialized using logfile 'velocity.log'
2016-04-22 10:18:51,835 - ************************************************************** 
2016-04-22 10:18:51,835 - Starting Jakarta Velocity v1.4
2016-04-22 10:18:51,835 - RuntimeInstance initializing.
2016-04-22 10:18:51,835 - Default Properties File: org\apache\velocity\runtime\defaults\velocity.properties
2016-04-22 10:18:51,835 - Trying to use logger class org.apache.velocity.runtime.log.SimpleLog4JLogSystem
2016-04-22 10:18:51,835 - Using logger class org.apache.velocity.runtime.log.SimpleLog4JLogSystem
2016-04-22 10:18:51,851 - Default ResourceManager initializing. (class org.apache.velocity.runtime.resource.ResourceManagerImpl)
2016-04-22 10:18:51,870 - Resource Loader Instantiated: org.apache.velocity.runtime.resource.loader.ClasspathResourceLoader
2016-04-22 10:18:51,871 - ClasspathResourceLoader : initialization starting.
2016-04-22 10:18:51,871 - ClasspathResourceLoader : initialization complete.
2016-04-22 10:18:51,886 - ResourceCache : initialized. (class org.apache.velocity.runtime.resource.ResourceCacheImpl)
2016-04-22 10:18:51,886 - Default ResourceManager initialization complete.
2016-04-22 10:18:51,907 - Loaded System Directive: org.apache.velocity.runtime.directive.Literal
2016-04-22 10:18:51,918 - Loaded System Directive: org.apache.velocity.runtime.directive.Macro
2016-04-22 10:18:51,938 - Loaded System Directive: org.apache.velocity.runtime.directive.Parse
2016-04-22 10:18:51,953 - Loaded System Directive: org.apache.velocity.runtime.directive.Include
2016-04-22 10:18:51,960 - Loaded System Directive: org.apache.velocity.runtime.directive.Foreach
2016-04-22 10:18:52,090 - Created: 20 parsers.
2016-04-22 10:18:52,135 - Velocimacro : initialization starting.
2016-04-22 10:18:52,135 - Velocimacro : adding VMs from VM library template : VM_global_library.vm
2016-04-22 10:18:52,161 - ResourceManager : unable to find resource 'VM_global_library.vm' in any resource loader.
2016-04-22 10:18:52,161 - Velocimacro : error using  VM library template VM_global_library.vm : org.apache.velocity.exception.ResourceNotFoundException: Unable to find resource 'VM_global_library.vm'
2016-04-22 10:18:52,161 - Velocimacro :  VM library template macro registration complete.
2016-04-22 10:18:52,161 - Velocimacro : allowInline = true : VMs can be defined inline in templates
2016-04-22 10:18:52,161 - Velocimacro : allowInlineToOverride = false : VMs defined inline may NOT replace previous VM definitions
2016-04-22 10:18:52,162 - Velocimacro : allowInlineLocal = false : VMs defined inline will be  global in scope if allowed.
2016-04-22 10:18:52,162 - Velocimacro : messages on  : VM system will output logging messages
2016-04-22 10:18:52,162 - Velocimacro : autoload off  : VM system will not automatically reload global library macros
2016-04-22 10:18:52,162 - Velocimacro : initialization complete.
2016-04-22 10:18:52,162 - Velocity successfully started.
2016-04-22 10:21:10,570 - SimpleLog4JLogSystem initialized using logfile 'velocity.log'
2016-04-22 10:21:10,571 - ************************************************************** 
2016-04-22 10:21:10,571 - Starting Jakarta Velocity v1.4
2016-04-22 10:21:10,571 - RuntimeInstance initializing.
2016-04-22 10:21:10,571 - Default Properties File: org\apache\velocity\runtime\defaults\velocity.properties
2016-04-22 10:21:10,573 - Trying to use logger class org.apache.velocity.runtime.log.SimpleLog4JLogSystem
2016-04-22 10:21:10,573 - Using logger class org.apache.velocity.runtime.log.SimpleLog4JLogSystem
2016-04-22 10:21:10,592 - Default ResourceManager initializing. (class org.apache.velocity.runtime.resource.ResourceManagerImpl)
2016-04-22 10:21:10,614 - Resource Loader Instantiated: org.apache.velocity.runtime.resource.loader.ClasspathResourceLoader
2016-04-22 10:21:10,614 - ClasspathResourceLoader : initialization starting.
2016-04-22 10:21:10,614 - ClasspathResourceLoader : initialization complete.
2016-04-22 10:21:10,629 - ResourceCache : initialized. (class org.apache.velocity.runtime.resource.ResourceCacheImpl)
2016-04-22 10:21:10,629 - Default ResourceManager initialization complete.
2016-04-22 10:21:10,649 - Loaded System Directive: org.apache.velocity.runtime.directive.Literal
2016-04-22 10:21:10,663 - Loaded System Directive: org.apache.velocity.runtime.directive.Macro
2016-04-22 10:21:10,682 - Loaded System Directive: org.apache.velocity.runtime.directive.Parse
2016-04-22 10:21:10,694 - Loaded System Directive: org.apache.velocity.runtime.directive.Include
2016-04-22 10:21:10,700 - Loaded System Directive: org.apache.velocity.runtime.directive.Foreach
2016-04-22 10:21:10,896 - Created: 20 parsers.
2016-04-22 10:21:10,944 - Velocimacro : initialization starting.
2016-04-22 10:21:10,945 - Velocimacro : adding VMs from VM library template : VM_global_library.vm
2016-04-22 10:21:10,966 - ResourceManager : unable to find resource 'VM_global_library.vm' in any resource loader.
2016-04-22 10:21:10,966 - Velocimacro : error using  VM library template VM_global_library.vm : org.apache.velocity.exception.ResourceNotFoundException: Unable to find resource 'VM_global_library.vm'
2016-04-22 10:21:10,966 - Velocimacro :  VM library template macro registration complete.
2016-04-22 10:21:10,967 - Velocimacro : allowInline = true : VMs can be defined inline in templates
2016-04-22 10:21:10,967 - Velocimacro : allowInlineToOverride = false : VMs defined inline may NOT replace previous VM definitions
2016-04-22 10:21:10,967 - Velocimacro : allowInlineLocal = false : VMs defined inline will be  global in scope if allowed.
2016-04-22 10:21:10,967 - Velocimacro : messages on  : VM system will output logging messages
2016-04-22 10:21:10,967 - Velocimacro : autoload off  : VM system will not automatically reload global library macros
2016-04-22 10:21:10,967 - Velocimacro : initialization complete.
2016-04-22 10:21:10,967 - Velocity successfully started.
2016-04-22 10:22:41,042 - SimpleLog4JLogSystem initialized using logfile 'velocity.log'
2016-04-22 10:22:41,043 - ************************************************************** 
2016-04-22 10:22:41,043 - Starting Jakarta Velocity v1.4
2016-04-22 10:22:41,043 - RuntimeInstance initializing.
2016-04-22 10:22:41,044 - Default Properties File: org\apache\velocity\runtime\defaults\velocity.properties
2016-04-22 10:22:41,044 - Trying to use logger class org.apache.velocity.runtime.log.SimpleLog4JLogSystem
2016-04-22 10:22:41,044 - Using logger class org.apache.velocity.runtime.log.SimpleLog4JLogSystem
2016-04-22 10:22:41,064 - Default ResourceManager initializing. (class org.apache.velocity.runtime.resource.ResourceManagerImpl)
2016-04-22 10:22:41,083 - Resource Loader Instantiated: org.apache.velocity.runtime.resource.loader.ClasspathResourceLoader
2016-04-22 10:22:41,083 - ClasspathResourceLoader : initialization starting.
2016-04-22 10:22:41,083 - ClasspathResourceLoader : initialization complete.
2016-04-22 10:22:41,095 - ResourceCache : initialized. (class org.apache.velocity.runtime.resource.ResourceCacheImpl)
2016-04-22 10:22:41,095 - Default ResourceManager initialization complete.
2016-04-22 10:22:41,115 - Loaded System Directive: org.apache.velocity.runtime.directive.Literal
2016-04-22 10:22:41,126 - Loaded System Directive: org.apache.velocity.runtime.directive.Macro
2016-04-22 10:22:41,149 - Loaded System Directive: org.apache.velocity.runtime.directive.Parse
2016-04-22 10:22:41,161 - Loaded System Directive: org.apache.velocity.runtime.directive.Include
2016-04-22 10:22:41,166 - Loaded System Directive: org.apache.velocity.runtime.directive.Foreach
2016-04-22 10:22:41,287 - Created: 20 parsers.
2016-04-22 10:22:41,335 - Velocimacro : initialization starting.
2016-04-22 10:22:41,335 - Velocimacro : adding VMs from VM library template : VM_global_library.vm
2016-04-22 10:22:41,368 - ResourceManager : unable to find resource 'VM_global_library.vm' in any resource loader.
2016-04-22 10:22:41,368 - Velocimacro : error using  VM library template VM_global_library.vm : org.apache.velocity.exception.ResourceNotFoundException: Unable to find resource 'VM_global_library.vm'
2016-04-22 10:22:41,368 - Velocimacro :  VM library template macro registration complete.
2016-04-22 10:22:41,368 - Velocimacro : allowInline = true : VMs can be defined inline in templates
2016-04-22 10:22:41,368 - Velocimacro : allowInlineToOverride = false : VMs defined inline may NOT replace previous VM definitions
2016-04-22 10:22:41,369 - Velocimacro : allowInlineLocal = false : VMs defined inline will be  global in scope if allowed.
2016-04-22 10:22:41,369 - Velocimacro : messages on  : VM system will output logging messages
2016-04-22 10:22:41,369 - Velocimacro : autoload off  : VM system will not automatically reload global library macros
2016-04-22 10:22:41,369 - Velocimacro : initialization complete.
2016-04-22 10:22:41,369 - Velocity successfully started.
2016-04-22 10:47:58,742 - SimpleLog4JLogSystem initialized using logfile 'velocity.log'
2016-04-22 10:47:58,743 - ************************************************************** 
2016-04-22 10:47:58,743 - Starting Jakarta Velocity v1.4
2016-04-22 10:47:58,743 - RuntimeInstance initializing.
2016-04-22 10:47:58,743 - Default Properties File: org\apache\velocity\runtime\defaults\velocity.properties
2016-04-22 10:47:58,743 - Trying to use logger class org.apache.velocity.runtime.log.SimpleLog4JLogSystem
2016-04-22 10:47:58,743 - Using logger class org.apache.velocity.runtime.log.SimpleLog4JLogSystem
2016-04-22 10:47:58,763 - Default ResourceManager initializing. (class org.apache.velocity.runtime.resource.ResourceManagerImpl)
2016-04-22 10:47:58,784 - Resource Loader Instantiated: org.apache.velocity.runtime.resource.loader.ClasspathResourceLoader
2016-04-22 10:47:58,784 - ClasspathResourceLoader : initialization starting.
2016-04-22 10:47:58,784 - ClasspathResourceLoader : initialization complete.
2016-04-22 10:47:58,798 - ResourceCache : initialized. (class org.apache.velocity.runtime.resource.ResourceCacheImpl)
2016-04-22 10:47:58,798 - Default ResourceManager initialization complete.
2016-04-22 10:47:58,816 - Loaded System Directive: org.apache.velocity.runtime.directive.Literal
2016-04-22 10:47:58,828 - Loaded System Directive: org.apache.velocity.runtime.directive.Macro
2016-04-22 10:47:58,845 - Loaded System Directive: org.apache.velocity.runtime.directive.Parse
2016-04-22 10:47:58,857 - Loaded System Directive: org.apache.velocity.runtime.directive.Include
2016-04-22 10:47:58,862 - Loaded System Directive: org.apache.velocity.runtime.directive.Foreach
2016-04-22 10:47:59,010 - Created: 20 parsers.
2016-04-22 10:47:59,053 - Velocimacro : initialization starting.
2016-04-22 10:47:59,053 - Velocimacro : adding VMs from VM library template : VM_global_library.vm
2016-04-22 10:47:59,077 - ResourceManager : unable to find resource 'VM_global_library.vm' in any resource loader.
2016-04-22 10:47:59,077 - Velocimacro : error using  VM library template VM_global_library.vm : org.apache.velocity.exception.ResourceNotFoundException: Unable to find resource 'VM_global_library.vm'
2016-04-22 10:47:59,078 - Velocimacro :  VM library template macro registration complete.
2016-04-22 10:47:59,078 - Velocimacro : allowInline = true : VMs can be defined inline in templates
2016-04-22 10:47:59,078 - Velocimacro : allowInlineToOverride = false : VMs defined inline may NOT replace previous VM definitions
2016-04-22 10:47:59,078 - Velocimacro : allowInlineLocal = false : VMs defined inline will be  global in scope if allowed.
2016-04-22 10:47:59,078 - Velocimacro : messages on  : VM system will output logging messages
2016-04-22 10:47:59,078 - Velocimacro : autoload off  : VM system will not automatically reload global library macros
2016-04-22 10:47:59,078 - Velocimacro : initialization complete.
2016-04-22 10:47:59,078 - Velocity successfully started.
2016-04-22 10:53:48,568 - SimpleLog4JLogSystem initialized using logfile 'velocity.log'
2016-04-22 10:53:48,569 - ************************************************************** 
2016-04-22 10:53:48,569 - Starting Jakarta Velocity v1.4
2016-04-22 10:53:48,569 - RuntimeInstance initializing.
2016-04-22 10:53:48,569 - Default Properties File: org\apache\velocity\runtime\defaults\velocity.properties
2016-04-22 10:53:48,569 - Trying to use logger class org.apache.velocity.runtime.log.SimpleLog4JLogSystem
2016-04-22 10:53:48,569 - Using logger class org.apache.velocity.runtime.log.SimpleLog4JLogSystem
2016-04-22 10:53:48,579 - Default ResourceManager initializing. (class org.apache.velocity.runtime.resource.ResourceManagerImpl)
2016-04-22 10:53:48,589 - Resource Loader Instantiated: org.apache.velocity.runtime.resource.loader.ClasspathResourceLoader
2016-04-22 10:53:48,589 - ClasspathResourceLoader : initialization starting.
2016-04-22 10:53:48,589 - ClasspathResourceLoader : initialization complete.
2016-04-22 10:53:48,595 - ResourceCache : initialized. (class org.apache.velocity.runtime.resource.ResourceCacheImpl)
2016-04-22 10:53:48,595 - Default ResourceManager initialization complete.
2016-04-22 10:53:48,605 - Loaded System Directive: org.apache.velocity.runtime.directive.Literal
2016-04-22 10:53:48,612 - Loaded System Directive: org.apache.velocity.runtime.directive.Macro
2016-04-22 10:53:48,622 - Loaded System Directive: org.apache.velocity.runtime.directive.Parse
2016-04-22 10:53:48,628 - Loaded System Directive: org.apache.velocity.runtime.directive.Include
2016-04-22 10:53:48,634 - Loaded System Directive: org.apache.velocity.runtime.directive.Foreach
2016-04-22 10:53:48,720 - Created: 20 parsers.
2016-04-22 10:53:48,755 - Velocimacro : initialization starting.
2016-04-22 10:53:48,755 - Velocimacro : adding VMs from VM library template : VM_global_library.vm
2016-04-22 10:53:48,773 - ResourceManager : unable to find resource 'VM_global_library.vm' in any resource loader.
2016-04-22 10:53:48,773 - Velocimacro : error using  VM library template VM_global_library.vm : org.apache.velocity.exception.ResourceNotFoundException: Unable to find resource 'VM_global_library.vm'
2016-04-22 10:53:48,773 - Velocimacro :  VM library template macro registration complete.
2016-04-22 10:53:48,774 - Velocimacro : allowInline = true : VMs can be defined inline in templates
2016-04-22 10:53:48,774 - Velocimacro : allowInlineToOverride = false : VMs defined inline may NOT replace previous VM definitions
2016-04-22 10:53:48,774 - Velocimacro : allowInlineLocal = false : VMs defined inline will be  global in scope if allowed.
2016-04-22 10:53:48,774 - Velocimacro : messages on  : VM system will output logging messages
2016-04-22 10:53:48,774 - Velocimacro : autoload off  : VM system will not automatically reload global library macros
2016-04-22 10:53:48,774 - Velocimacro : initialization complete.
2016-04-22 10:53:48,774 - Velocity successfully started.
2016-04-22 11:14:48,785 - SimpleLog4JLogSystem initialized using logfile 'velocity.log'
2016-04-22 11:14:48,786 - ************************************************************** 
2016-04-22 11:14:48,786 - Starting Jakarta Velocity v1.4
2016-04-22 11:14:48,786 - RuntimeInstance initializing.
2016-04-22 11:14:48,786 - Default Properties File: org\apache\velocity\runtime\defaults\velocity.properties
2016-04-22 11:14:48,786 - Trying to use logger class org.apache.velocity.runtime.log.SimpleLog4JLogSystem
2016-04-22 11:14:48,786 - Using logger class org.apache.velocity.runtime.log.SimpleLog4JLogSystem
2016-04-22 11:14:48,796 - Default ResourceManager initializing. (class org.apache.velocity.runtime.resource.ResourceManagerImpl)
2016-04-22 11:14:48,806 - Resource Loader Instantiated: org.apache.velocity.runtime.resource.loader.ClasspathResourceLoader
2016-04-22 11:14:48,806 - ClasspathResourceLoader : initialization starting.
2016-04-22 11:14:48,806 - ClasspathResourceLoader : initialization complete.
2016-04-22 11:14:48,820 - ResourceCache : initialized. (class org.apache.velocity.runtime.resource.ResourceCacheImpl)
2016-04-22 11:14:48,820 - Default ResourceManager initialization complete.
2016-04-22 11:14:48,835 - Loaded System Directive: org.apache.velocity.runtime.directive.Literal
2016-04-22 11:14:48,844 - Loaded System Directive: org.apache.velocity.runtime.directive.Macro
2016-04-22 11:14:48,860 - Loaded System Directive: org.apache.velocity.runtime.directive.Parse
2016-04-22 11:14:48,870 - Loaded System Directive: org.apache.velocity.runtime.directive.Include
2016-04-22 11:14:48,875 - Loaded System Directive: org.apache.velocity.runtime.directive.Foreach
2016-04-22 11:14:48,974 - Created: 20 parsers.
2016-04-22 11:14:49,010 - Velocimacro : initialization starting.
2016-04-22 11:14:49,010 - Velocimacro : adding VMs from VM library template : VM_global_library.vm
2016-04-22 11:14:49,031 - ResourceManager : unable to find resource 'VM_global_library.vm' in any resource loader.
2016-04-22 11:14:49,032 - Velocimacro : error using  VM library template VM_global_library.vm : org.apache.velocity.exception.ResourceNotFoundException: Unable to find resource 'VM_global_library.vm'
2016-04-22 11:14:49,032 - Velocimacro :  VM library template macro registration complete.
2016-04-22 11:14:49,032 - Velocimacro : allowInline = true : VMs can be defined inline in templates
2016-04-22 11:14:49,032 - Velocimacro : allowInlineToOverride = false : VMs defined inline may NOT replace previous VM definitions
2016-04-22 11:14:49,032 - Velocimacro : allowInlineLocal = false : VMs defined inline will be  global in scope if allowed.
2016-04-22 11:14:49,032 - Velocimacro : messages on  : VM system will output logging messages
2016-04-22 11:14:49,032 - Velocimacro : autoload off  : VM system will not automatically reload global library macros
2016-04-22 11:14:49,032 - Velocimacro : initialization complete.
2016-04-22 11:14:49,032 - Velocity successfully started.
